Base path: C:/Program Files (x86)/Unity/Editor/Data
Pipe name: \\.\pipe\UnityShaderCompiler-1-6516
Cmd: getPlatforms
Cmd: preprocess
  insize=1725 outsize=1007 ok=1
Cmd: compileSnippet
  api=4 type=0 insize=1020 outsize=1274 kw= ok=1
Cmd: compileSnippet
  api=4 type=1 insize=1020 outsize=908 kw= ok=1
Cmd: preprocess
  insize=1189 outsize=403 ok=1
Cmd: compileSnippet
  api=4 type=0 insize=1088 outsize=1583 kw= ok=1
Cmd: compileSnippet
  api=4 type=1 insize=1088 outsize=1152 kw= ok=1
Cmd: preprocess
  insize=1153 outsize=392 ok=1
Cmd: compileSnippet
  api=4 type=0 insize=1063 outsize=1583 kw= ok=1
Cmd: compileSnippet
  api=4 type=1 insize=1063 outsize=1152 kw= ok=1
Cmd: preprocess
  insize=818 outsize=818 ok=1
Cmd: preprocess
  insize=472 outsize=472 ok=1
Cmd: preprocess
  insize=835 outsize=835 ok=1
Cmd: preprocess
  insize=730 outsize=730 ok=1
Cmd: preprocess
  insize=608 outsize=608 ok=1
Cmd: preprocess
  insize=1355 outsize=1355 ok=1
Cmd: preprocess
  insize=316 outsize=316 ok=1
Cmd: preprocess
  insize=634 outsize=634 ok=1
Cmd: preprocess
  insize=963 outsize=963 ok=1
Cmd: preprocess
  insize=2965 outsize=1659 ok=1
Cmd: compileSnippet
  api=4 type=0 insize=1612 outsize=2005 kw= ok=1
Cmd: compileSnippet
  api=4 type=1 insize=1612 outsize=2070 kw= ok=1
Cmd: preprocess
  insize=1986 outsize=2355 ok=1
Cmd: compileSnippet
  api=4 type=0 insize=5781 outsize=5686 kw=DIRECTIONAL LIGHTMAP_OFF DIRLIGHTMAP_OFF ok=1
Cmd: compileSnippet
  api=4 type=1 insize=5781 outsize=9033 kw=DIRECTIONAL LIGHTMAP_OFF DIRLIGHTMAP_OFF ok=1
Cmd: compileSnippet
  api=4 type=0 insize=3487 outsize=5337 kw=POINT ok=1
Cmd: compileSnippet
  api=4 type=1 insize=3487 outsize=9415 kw=POINT ok=1
Cmd: preprocess
  insize=1541 outsize=1963 ok=1
Cmd: compileSnippet
  api=4 type=0 insize=5014 outsize=4321 kw=DIRECTIONAL LIGHTMAP_OFF DIRLIGHTMAP_OFF ok=1
Cmd: compileSnippet
  api=4 type=1 insize=5014 outsize=5800 kw=DIRECTIONAL LIGHTMAP_OFF DIRLIGHTMAP_OFF ok=1
Cmd: compileSnippet
  api=4 type=0 insize=2804 outsize=3972 kw=POINT ok=1
Cmd: compileSnippet
  api=4 type=1 insize=2804 outsize=6182 kw=POINT ok=1
Cmd: preprocess
  insize=1607 outsize=2026 ok=1
Cmd: compileSnippet
  api=4 type=0 insize=5730 outsize=5686 kw=DIRECTIONAL LIGHTMAP_OFF DIRLIGHTMAP_OFF ok=1
Cmd: compileSnippet
  api=4 type=1 insize=5730 outsize=6490 kw=DIRECTIONAL LIGHTMAP_OFF DIRLIGHTMAP_OFF ok=1
Cmd: compileSnippet
  api=4 type=0 insize=3436 outsize=5337 kw=POINT ok=1
Cmd: compileSnippet
  api=4 type=1 insize=3436 outsize=6872 kw=POINT ok=1
Cmd: preprocess
  insize=2120 outsize=2464 ok=1
Cmd: compileSnippet
  api=4 type=0 insize=6030 outsize=6019 kw=DIRECTIONAL LIGHTMAP_OFF DIRLIGHTMAP_OFF ok=1
Cmd: compileSnippet
  api=4 type=1 insize=6030 outsize=9635 kw=DIRECTIONAL LIGHTMAP_OFF DIRLIGHTMAP_OFF ok=1
Cmd: compileSnippet
  api=4 type=0 insize=3715 outsize=5670 kw=POINT ok=1
Cmd: compileSnippet
  api=4 type=1 insize=3715 outsize=9943 kw=POINT ok=1
Cmd: preprocess
  insize=1751 outsize=2146 ok=1
Cmd: compileSnippet
  api=4 type=0 insize=5979 outsize=6019 kw=DIRECTIONAL LIGHTMAP_OFF DIRLIGHTMAP_OFF ok=1
Cmd: compileSnippet
  api=4 type=1 insize=5979 outsize=7002 kw=DIRECTIONAL LIGHTMAP_OFF DIRLIGHTMAP_OFF ok=1
Cmd: compileSnippet
  api=4 type=0 insize=3664 outsize=5670 kw=POINT ok=1
Cmd: compileSnippet
  api=4 type=1 insize=3664 outsize=7254 kw=POINT ok=1
Cmd: preprocess
  insize=2082 outsize=2424 ok=1
Cmd: compileSnippet
  api=4 type=0 insize=6031 outsize=6019 kw=DIRECTIONAL LIGHTMAP_OFF DIRLIGHTMAP_OFF ok=1
Cmd: compileSnippet
  api=4 type=1 insize=6031 outsize=9497 kw=DIRECTIONAL LIGHTMAP_OFF DIRLIGHTMAP_OFF ok=1
Cmd: compileSnippet
  api=4 type=0 insize=3716 outsize=5670 kw=POINT ok=1
Cmd: compileSnippet
  api=4 type=1 insize=3716 outsize=9805 kw=POINT ok=1
Cmd: preprocess
  insize=1910 outsize=2281 ok=1
Cmd: compileSnippet
  api=4 type=0 insize=5065 outsize=4321 kw=DIRECTIONAL LIGHTMAP_OFF DIRLIGHTMAP_OFF ok=1
Cmd: compileSnippet
  api=4 type=1 insize=5065 outsize=8335 kw=DIRECTIONAL LIGHTMAP_OFF DIRLIGHTMAP_OFF ok=1
Cmd: compileSnippet
  api=4 type=0 insize=2855 outsize=3972 kw=POINT ok=1
Cmd: compileSnippet
  api=4 type=1 insize=2855 outsize=8619 kw=POINT ok=1
Cmd: preprocess
  insize=1061 outsize=1452 ok=1
Cmd: compileSnippet
  api=4 type=0 insize=4842 outsize=4232 kw=DIRECTIONAL SHADOWS_OFF LIGHTMAP_OFF DIRLIGHTMAP_OFF ok=1
Cmd: compileSnippet
  api=4 type=1 insize=4842 outsize=4378 kw=DIRECTIONAL SHADOWS_OFF LIGHTMAP_OFF DIRLIGHTMAP_OFF ok=1
Cmd: compileSnippet
  api=4 type=0 insize=2650 outsize=3882 kw=POINT ok=1
Cmd: compileSnippet
  api=4 type=1 insize=2650 outsize=4752 kw=POINT ok=1
Cmd: preprocess
  insize=2185 outsize=2527 ok=1
Cmd: compileSnippet
  api=4 type=0 insize=6153 outsize=6019 kw=DIRECTIONAL LIGHTMAP_OFF DIRLIGHTMAP_OFF ok=1
Cmd: compileSnippet
  api=4 type=1 insize=6153 outsize=10114 kw=DIRECTIONAL LIGHTMAP_OFF DIRLIGHTMAP_OFF ok=1
Cmd: compileSnippet
  api=4 type=0 insize=3838 outsize=5670 kw=POINT ok=1
Cmd: compileSnippet
  api=4 type=1 insize=3838 outsize=10415 kw=POINT ok=1
Cmd: preprocess
  insize=1713 outsize=2107 ok=1
Cmd: compileSnippet
  api=4 type=0 insize=5980 outsize=6019 kw=DIRECTIONAL LIGHTMAP_OFF DIRLIGHTMAP_OFF ok=1
Cmd: compileSnippet
  api=4 type=1 insize=5980 outsize=6929 kw=DIRECTIONAL LIGHTMAP_OFF DIRLIGHTMAP_OFF ok=1
Cmd: compileSnippet
  api=4 type=0 insize=3665 outsize=5670 kw=POINT ok=1
Cmd: compileSnippet
  api=4 type=1 insize=3665 outsize=7181 kw=POINT ok=1
Cmd: preprocess
  insize=1433 outsize=1770 ok=1
Cmd: compileSnippet
  api=4 type=0 insize=4896 outsize=4232 kw=DIRECTIONAL SHADOWS_OFF LIGHTMAP_OFF DIRLIGHTMAP_OFF ok=1
Cmd: compileSnippet
  api=4 type=1 insize=4896 outsize=6913 kw=DIRECTIONAL SHADOWS_OFF LIGHTMAP_OFF DIRLIGHTMAP_OFF ok=1
Cmd: compileSnippet
  api=4 type=0 insize=2704 outsize=3882 kw=POINT ok=1
Cmd: compileSnippet
  api=4 type=1 insize=2704 outsize=7295 kw=POINT ok=1
Cmd: preprocess
  insize=1503 outsize=1923 ok=1
Cmd: compileSnippet
  api=4 type=0 insize=5015 outsize=4321 kw=DIRECTIONAL LIGHTMAP_OFF DIRLIGHTMAP_OFF ok=1
Cmd: compileSnippet
  api=4 type=1 insize=5015 outsize=5662 kw=DIRECTIONAL LIGHTMAP_OFF DIRLIGHTMAP_OFF ok=1
Cmd: compileSnippet
  api=4 type=0 insize=2805 outsize=3972 kw=POINT ok=1
Cmd: compileSnippet
  api=4 type=1 insize=2805 outsize=6043 kw=POINT ok=1
Cmd: preprocess
  insize=1642 outsize=1953 ok=1
Cmd: compileSnippet
  api=4 type=0 insize=5861 outsize=5930 kw=DIRECTIONAL SHADOWS_OFF LIGHTMAP_OFF DIRLIGHTMAP_OFF ok=1
Cmd: compileSnippet
  api=4 type=1 insize=5861 outsize=8245 kw=DIRECTIONAL SHADOWS_OFF LIGHTMAP_OFF DIRLIGHTMAP_OFF ok=1
Cmd: compileSnippet
  api=4 type=0 insize=3564 outsize=5580 kw=POINT ok=1
Cmd: compileSnippet
  api=4 type=1 insize=3564 outsize=8554 kw=POINT ok=1
Cmd: preprocess
  insize=1658 outsize=1988 ok=1
Cmd: preprocess
  insize=1273 outsize=1634 ok=1
Cmd: compileSnippet
  api=4 type=0 insize=5810 outsize=5930 kw=DIRECTIONAL SHADOWS_OFF LIGHTMAP_OFF DIRLIGHTMAP_OFF ok=1
Cmd: compileSnippet
  api=4 type=1 insize=5810 outsize=5718 kw=DIRECTIONAL SHADOWS_OFF LIGHTMAP_OFF DIRLIGHTMAP_OFF ok=1
Cmd: compileSnippet
  api=4 type=0 insize=3513 outsize=5580 kw=POINT ok=1
Cmd: compileSnippet
  api=4 type=1 insize=3513 outsize=5978 kw=POINT ok=1
Cmd: preprocess
  insize=1124 outsize=1488 ok=1
Cmd: preprocess
  insize=1816 outsize=2209 ok=1
Cmd: compileSnippet
  api=4 type=0 insize=6102 outsize=6019 kw=DIRECTIONAL LIGHTMAP_OFF DIRLIGHTMAP_OFF ok=1
Cmd: compileSnippet
  api=4 type=1 insize=6102 outsize=7571 kw=DIRECTIONAL LIGHTMAP_OFF DIRLIGHTMAP_OFF ok=1
Cmd: compileSnippet
  api=4 type=0 insize=3787 outsize=5670 kw=POINT ok=1
Cmd: compileSnippet
  api=4 type=1 insize=3787 outsize=7880 kw=POINT ok=1
Cmd: preprocess
  insize=2499 outsize=755 ok=1
Cmd: compileSnippet
  api=4 type=0 insize=2047 outsize=1518 kw= ok=1
Cmd: compileSnippet
  api=4 type=1 insize=2047 outsize=2387 kw= ok=1
Cmd: preprocess
  insize=1872 outsize=2241 ok=1
Cmd: compileSnippet
  api=4 type=0 insize=5066 outsize=4321 kw=DIRECTIONAL LIGHTMAP_OFF DIRLIGHTMAP_OFF ok=1
Cmd: compileSnippet
  api=4 type=1 insize=5066 outsize=8197 kw=DIRECTIONAL LIGHTMAP_OFF DIRLIGHTMAP_OFF ok=1
Cmd: compileSnippet
  api=4 type=0 insize=2856 outsize=3972 kw=POINT ok=1
Cmd: compileSnippet
  api=4 type=1 insize=2856 outsize=8546 kw=POINT ok=1
Cmd: compileSnippet
  api=4 type=0 insize=2856 outsize=3192 kw=DIRECTIONAL ok=1
Cmd: compileSnippet
  api=4 type=1 insize=2856 outsize=8050 kw=DIRECTIONAL ok=1
Cmd: compileSnippet
  api=4 type=0 insize=3564 outsize=4800 kw=DIRECTIONAL ok=1
Cmd: compileSnippet
  api=4 type=1 insize=3564 outsize=8026 kw=DIRECTIONAL ok=1
Cmd: compileSnippet
  api=4 type=0 insize=3715 outsize=4890 kw=DIRECTIONAL ok=1
Cmd: compileSnippet
  api=4 type=1 insize=3715 outsize=9415 kw=DIRECTIONAL ok=1
Cmd: compileSnippet
  api=4 type=0 insize=2650 outsize=3102 kw=DIRECTIONAL ok=1
Cmd: compileSnippet
  api=4 type=1 insize=2650 outsize=4232 kw=DIRECTIONAL ok=1
Cmd: compileSnippet
  api=4 type=0 insize=3665 outsize=4890 kw=DIRECTIONAL ok=1
Cmd: compileSnippet
  api=4 type=1 insize=3665 outsize=6653 kw=DIRECTIONAL ok=1
Cmd: compileSnippet
  api=4 type=0 insize=3664 outsize=4890 kw=DIRECTIONAL ok=1
Cmd: compileSnippet
  api=4 type=1 insize=3664 outsize=6726 kw=DIRECTIONAL ok=1
Cmd: compileSnippet
  api=4 type=0 insize=2805 outsize=3192 kw=DIRECTIONAL ok=1
Cmd: compileSnippet
  api=4 type=1 insize=2805 outsize=5515 kw=DIRECTIONAL ok=1
Cmd: compileSnippet
  api=4 type=0 insize=3513 outsize=4800 kw=DIRECTIONAL ok=1
Cmd: compileSnippet
  api=4 type=1 insize=3513 outsize=5499 kw=DIRECTIONAL ok=1
Cmd: compileSnippet
  api=4 type=0 insize=3436 outsize=4557 kw=DIRECTIONAL ok=1
Cmd: compileSnippet
  api=4 type=1 insize=3436 outsize=6344 kw=DIRECTIONAL ok=1
Cmd: compileSnippet
  api=4 type=0 insize=3487 outsize=4557 kw=DIRECTIONAL ok=1
Cmd: compileSnippet
  api=4 type=1 insize=3487 outsize=8887 kw=DIRECTIONAL ok=1
Cmd: compileSnippet
  api=4 type=0 insize=3787 outsize=4890 kw=DIRECTIONAL ok=1
Cmd: compileSnippet
  api=4 type=1 insize=3787 outsize=7352 kw=DIRECTIONAL ok=1
Cmd: compileSnippet
  api=4 type=0 insize=3838 outsize=4890 kw=DIRECTIONAL ok=1
Cmd: compileSnippet
  api=4 type=1 insize=3838 outsize=9887 kw=DIRECTIONAL ok=1
Cmd: compileSnippet
  api=4 type=0 insize=2855 outsize=3192 kw=DIRECTIONAL ok=1
Cmd: compileSnippet
  api=4 type=1 insize=2855 outsize=8188 kw=DIRECTIONAL ok=1
Cmd: compileSnippet
  api=4 type=0 insize=3716 outsize=4890 kw=DIRECTIONAL ok=1
Cmd: compileSnippet
  api=4 type=1 insize=3716 outsize=9277 kw=DIRECTIONAL ok=1
Cmd: compileSnippet
  api=4 type=0 insize=2804 outsize=3192 kw=DIRECTIONAL ok=1
Cmd: compileSnippet
  api=4 type=1 insize=2804 outsize=5653 kw=DIRECTIONAL ok=1
Cmd: compileSnippet
  api=4 type=0 insize=2704 outsize=3102 kw=DIRECTIONAL ok=1
Cmd: compileSnippet
  api=4 type=1 insize=2704 outsize=6767 kw=DIRECTIONAL ok=1
